<?xml version="1.0" encoding="UTF-8"?>
<coverage generated="1773753700781" clover="3.2.0">
  <project timestamp="1773753700781" name="All files">
    <metrics statements="487" coveredstatements="222" conditionals="47" coveredconditionals="39" methods="35" coveredmethods="11" elements="569" coveredelements="272" complexity="0" loc="487" ncloc="487" packages="1" files="1" classes="1"/>
    <file name="Tetris.ts" path="/home/nrasamim/Documents/Tetris-Clone/src/Tetris.ts">
      <metrics statements="487" coveredstatements="222" conditionals="47" coveredconditionals="39" methods="35" coveredmethods="11"/>
      <line num="19" count="1" type="stmt"/>
      <line num="20" count="1" type="stmt"/>
      <line num="21" count="1" type="stmt"/>
      <line num="22" count="1" type="stmt"/>
      <line num="23" count="1" type="stmt"/>
      <line num="24" count="1" type="stmt"/>
      <line num="25" count="1" type="stmt"/>
      <line num="26" count="1" type="stmt"/>
      <line num="27" count="1" type="stmt"/>
      <line num="47" count="1" type="stmt"/>
      <line num="48" count="1" type="stmt"/>
      <line num="49" count="1" type="stmt"/>
      <line num="50" count="1" type="stmt"/>
      <line num="51" count="1" type="stmt"/>
      <line num="52" count="1" type="stmt"/>
      <line num="53" count="1" type="stmt"/>
      <line num="56" count="1" type="stmt"/>
      <line num="57" count="1" type="stmt"/>
      <line num="58" count="1" type="stmt"/>
      <line num="59" count="1" type="stmt"/>
      <line num="60" count="1" type="stmt"/>
      <line num="61" count="1" type="stmt"/>
      <line num="62" count="1" type="stmt"/>
      <line num="63" count="1" type="stmt"/>
      <line num="64" count="1" type="stmt"/>
      <line num="67" count="1" type="stmt"/>
      <line num="68" count="1" type="stmt"/>
      <line num="69" count="1" type="stmt"/>
      <line num="75" count="1" type="stmt"/>
      <line num="81" count="1" type="cond" truecount="1" falsecount="0"/>
      <line num="83" count="9" type="stmt"/>
      <line num="84" count="9" type="stmt"/>
      <line num="85" count="9" type="stmt"/>
      <line num="86" count="9" type="stmt"/>
      <line num="87" count="9" type="stmt"/>
      <line num="90" count="1" type="stmt"/>
      <line num="91" count="0" type="stmt"/>
      <line num="92" count="0" type="stmt"/>
      <line num="95" count="1" type="stmt"/>
      <line num="96" count="0" type="stmt"/>
      <line num="97" count="0" type="stmt"/>
      <line num="98" count="0" type="stmt"/>
      <line num="99" count="0" type="stmt"/>
      <line num="100" count="0" type="stmt"/>
      <line num="103" count="1" type="stmt"/>
      <line num="104" count="0" type="stmt"/>
      <line num="105" count="0" type="stmt"/>
      <line num="106" count="0" type="stmt"/>
      <line num="107" count="0" type="stmt"/>
      <line num="108" count="0" type="stmt"/>
      <line num="109" count="0" type="stmt"/>
      <line num="110" count="0" type="stmt"/>
      <line num="111" count="0" type="stmt"/>
      <line num="112" count="0" type="stmt"/>
      <line num="113" count="0" type="stmt"/>
      <line num="114" count="0" type="stmt"/>
      <line num="115" count="0" type="stmt"/>
      <line num="118" count="1" type="cond" truecount="1" falsecount="0"/>
      <line num="119" count="4" type="stmt"/>
      <line num="120" count="4" type="stmt"/>
      <line num="121" count="4" type="cond" truecount="2" falsecount="0"/>
      <line num="124" count="4" type="cond" truecount="1" falsecount="0"/>
      <line num="125" count="12" type="stmt"/>
      <line num="126" count="12" type="stmt"/>
      <line num="127" count="12" type="stmt"/>
      <line num="128" count="12" type="cond" truecount="1" falsecount="0"/>
      <line num="131" count="3" type="stmt"/>
      <line num="132" count="4" type="cond" truecount="1" falsecount="0"/>
      <line num="133" count="11" type="stmt"/>
      <line num="134" count="11" type="stmt"/>
      <line num="135" count="11" type="cond" truecount="1" falsecount="0"/>
      <line num="136" count="2" type="stmt"/>
      <line num="137" count="2" type="stmt"/>
      <line num="138" count="2" type="stmt"/>
      <line num="139" count="11" type="cond" truecount="1" falsecount="0"/>
      <line num="142" count="4" type="cond" truecount="1" falsecount="0"/>
      <line num="143" count="1" type="stmt"/>
      <line num="144" count="1" type="stmt"/>
      <line num="145" count="1" type="cond" truecount="1" falsecount="0"/>
      <line num="147" count="2" type="stmt"/>
      <line num="148" count="4" type="stmt"/>
      <line num="151" count="1" type="cond" truecount="1" falsecount="0"/>
      <line num="152" count="5" type="stmt"/>
      <line num="153" count="5" type="stmt"/>
      <line num="154" count="5" type="stmt"/>
      <line num="156" count="5" type="cond" truecount="1" falsecount="0"/>
      <line num="157" count="5" type="cond" truecount="2" falsecount="0"/>
      <line num="159" count="3" type="stmt"/>
      <line num="160" count="5" type="cond" truecount="2" falsecount="0"/>
      <line num="162" count="2" type="stmt"/>
      <line num="163" count="5" type="cond" truecount="1" falsecount="0"/>
      <line num="164" count="5" type="cond" truecount="1" falsecount="0"/>
      <line num="165" count="1" type="stmt"/>
      <line num="166" count="5" type="stmt"/>
      <line num="167" count="1" type="stmt"/>
      <line num="170" count="1" type="stmt"/>
      <line num="177" count="1" type="cond" truecount="1" falsecount="0"/>
      <line num="178" count="15" type="stmt"/>
      <line num="180" count="15" type="stmt"/>
      <line num="181" count="15" type="stmt"/>
      <line num="182" count="15" type="stmt"/>
      <line num="183" count="15" type="stmt"/>
      <line num="184" count="15" type="stmt"/>
      <line num="186" count="1" type="stmt"/>
      <line num="187" count="0" type="stmt"/>
      <line num="188" count="0" type="stmt"/>
      <line num="190" count="0" type="stmt"/>
      <line num="191" count="0" type="stmt"/>
      <line num="192" count="0" type="stmt"/>
      <line num="193" count="0" type="stmt"/>
      <line num="195" count="1" type="stmt"/>
      <line num="196" count="0" type="stmt"/>
      <line num="197" count="0" type="stmt"/>
      <line num="199" count="0" type="stmt"/>
      <line num="200" count="0" type="stmt"/>
      <line num="203" count="0" type="stmt"/>
      <line num="204" count="0" type="stmt"/>
      <line num="205" count="0" type="stmt"/>
      <line num="206" count="0" type="stmt"/>
      <line num="207" count="0" type="stmt"/>
      <line num="208" count="0" type="stmt"/>
      <line num="209" count="0" type="stmt"/>
      <line num="210" count="0" type="stmt"/>
      <line num="211" count="0" type="stmt"/>
      <line num="213" count="1" type="stmt"/>
      <line num="214" count="0" type="stmt"/>
      <line num="215" count="0" type="stmt"/>
      <line num="216" count="0" type="stmt"/>
      <line num="218" count="0" type="stmt"/>
      <line num="219" count="0" type="stmt"/>
      <line num="221" count="0" type="stmt"/>
      <line num="222" count="0" type="stmt"/>
      <line num="223" count="0" type="stmt"/>
      <line num="226" count="0" type="stmt"/>
      <line num="227" count="0" type="stmt"/>
      <line num="229" count="0" type="stmt"/>
      <line num="230" count="0" type="stmt"/>
      <line num="231" count="0" type="stmt"/>
      <line num="232" count="0" type="stmt"/>
      <line num="233" count="0" type="stmt"/>
      <line num="234" count="0" type="stmt"/>
      <line num="235" count="0" type="stmt"/>
      <line num="236" count="0" type="stmt"/>
      <line num="237" count="0" type="stmt"/>
      <line num="239" count="0" type="stmt"/>
      <line num="240" count="0" type="stmt"/>
      <line num="241" count="0" type="stmt"/>
      <line num="242" count="0" type="stmt"/>
      <line num="243" count="0" type="stmt"/>
      <line num="246" count="1" type="stmt"/>
      <line num="247" count="0" type="stmt"/>
      <line num="249" count="0" type="stmt"/>
      <line num="250" count="0" type="stmt"/>
      <line num="251" count="0" type="stmt"/>
      <line num="252" count="0" type="stmt"/>
      <line num="254" count="0" type="stmt"/>
      <line num="255" count="0" type="stmt"/>
      <line num="257" count="0" type="stmt"/>
      <line num="258" count="0" type="stmt"/>
      <line num="259" count="0" type="stmt"/>
      <line num="260" count="0" type="stmt"/>
      <line num="261" count="0" type="stmt"/>
      <line num="262" count="0" type="stmt"/>
      <line num="263" count="0" type="stmt"/>
      <line num="264" count="0" type="stmt"/>
      <line num="265" count="0" type="stmt"/>
      <line num="266" count="0" type="stmt"/>
      <line num="267" count="0" type="stmt"/>
      <line num="268" count="0" type="stmt"/>
      <line num="269" count="0" type="stmt"/>
      <line num="270" count="0" type="stmt"/>
      <line num="271" count="0" type="stmt"/>
      <line num="272" count="0" type="stmt"/>
      <line num="273" count="0" type="stmt"/>
      <line num="274" count="0" type="stmt"/>
      <line num="275" count="0" type="stmt"/>
      <line num="276" count="0" type="stmt"/>
      <line num="277" count="1" type="stmt"/>
      <line num="280" count="1" type="stmt"/>
      <line num="287" count="1" type="cond" truecount="1" falsecount="0"/>
      <line num="288" count="15" type="stmt"/>
      <line num="289" count="15" type="stmt"/>
      <line num="291" count="15" type="stmt"/>
      <line num="292" count="15" type="stmt"/>
      <line num="293" count="15" type="stmt"/>
      <line num="294" count="15" type="stmt"/>
      <line num="296" count="1" type="stmt"/>
      <line num="297" count="0" type="stmt"/>
      <line num="298" count="0" type="stmt"/>
      <line num="300" count="1" type="stmt"/>
      <line num="301" count="0" type="stmt"/>
      <line num="302" count="0" type="stmt"/>
      <line num="305" count="1" type="stmt"/>
      <line num="306" count="0" type="stmt"/>
      <line num="307" count="0" type="stmt"/>
      <line num="308" count="0" type="stmt"/>
      <line num="309" count="0" type="stmt"/>
      <line num="310" count="0" type="stmt"/>
      <line num="312" count="0" type="stmt"/>
      <line num="313" count="0" type="stmt"/>
      <line num="315" count="0" type="stmt"/>
      <line num="316" count="0" type="stmt"/>
      <line num="317" count="0" type="stmt"/>
      <line num="318" count="0" type="stmt"/>
      <line num="321" count="1" type="stmt"/>
      <line num="322" count="0" type="stmt"/>
      <line num="323" count="0" type="stmt"/>
      <line num="325" count="0" type="stmt"/>
      <line num="327" count="0" type="stmt"/>
      <line num="329" count="0" type="stmt"/>
      <line num="330" count="0" type="stmt"/>
      <line num="332" count="0" type="stmt"/>
      <line num="333" count="0" type="stmt"/>
      <line num="334" count="0" type="stmt"/>
      <line num="335" count="0" type="stmt"/>
      <line num="337" count="0" type="stmt"/>
      <line num="338" count="0" type="stmt"/>
      <line num="340" count="0" type="stmt"/>
      <line num="341" count="0" type="stmt"/>
      <line num="342" count="0" type="stmt"/>
      <line num="343" count="0" type="stmt"/>
      <line num="344" count="0" type="stmt"/>
      <line num="345" count="0" type="stmt"/>
      <line num="346" count="0" type="stmt"/>
      <line num="348" count="0" type="stmt"/>
      <line num="349" count="0" type="stmt"/>
      <line num="350" count="0" type="stmt"/>
      <line num="351" count="0" type="stmt"/>
      <line num="352" count="0" type="stmt"/>
      <line num="353" count="0" type="stmt"/>
      <line num="354" count="0" type="stmt"/>
      <line num="355" count="1" type="stmt"/>
      <line num="358" count="1" type="stmt"/>
      <line num="384" count="1" type="cond" truecount="1" falsecount="0"/>
      <line num="385" count="15" type="stmt"/>
      <line num="386" count="15" type="stmt"/>
      <line num="387" count="15" type="stmt"/>
      <line num="389" count="15" type="stmt"/>
      <line num="390" count="15" type="stmt"/>
      <line num="392" count="15" type="stmt"/>
      <line num="393" count="15" type="stmt"/>
      <line num="394" count="15" type="stmt"/>
      <line num="396" count="15" type="stmt"/>
      <line num="397" count="15" type="stmt"/>
      <line num="398" count="15" type="stmt"/>
      <line num="399" count="15" type="stmt"/>
      <line num="401" count="15" type="stmt"/>
      <line num="402" count="15" type="stmt"/>
      <line num="404" count="15" type="stmt"/>
      <line num="405" count="15" type="stmt"/>
      <line num="406" count="15" type="stmt"/>
      <line num="408" count="15" type="stmt"/>
      <line num="410" count="15" type="stmt"/>
      <line num="411" count="15" type="stmt"/>
      <line num="413" count="15" type="stmt"/>
      <line num="414" count="15" type="stmt"/>
      <line num="415" count="15" type="stmt"/>
      <line num="416" count="15" type="stmt"/>
      <line num="418" count="15" type="stmt"/>
      <line num="419" count="15" type="stmt"/>
      <line num="420" count="15" type="stmt"/>
      <line num="421" count="15" type="stmt"/>
      <line num="424" count="1" type="cond" truecount="1" falsecount="0"/>
      <line num="425" count="3" type="stmt"/>
      <line num="427" count="3" type="stmt"/>
      <line num="428" count="3" type="stmt"/>
      <line num="430" count="3" type="stmt"/>
      <line num="431" count="3" type="stmt"/>
      <line num="434" count="3" type="stmt"/>
      <line num="435" count="3" type="stmt"/>
      <line num="436" count="3" type="stmt"/>
      <line num="439" count="3" type="stmt"/>
      <line num="441" count="3" type="stmt"/>
      <line num="443" count="3" type="cond" truecount="0" falsecount="1"/>
      <line num="444" count="0" type="stmt"/>
      <line num="445" count="0" type="stmt"/>
      <line num="447" count="0" type="stmt"/>
      <line num="448" count="3" type="cond" truecount="0" falsecount="1"/>
      <line num="450" count="3" type="cond" truecount="0" falsecount="1"/>
      <line num="451" count="3" type="stmt"/>
      <line num="452" count="3" type="cond" truecount="0" falsecount="1"/>
      <line num="453" count="0" type="stmt"/>
      <line num="454" count="0" type="stmt"/>
      <line num="455" count="3" type="stmt"/>
      <line num="457" count="1" type="stmt"/>
      <line num="458" count="0" type="stmt"/>
      <line num="459" count="0" type="stmt"/>
      <line num="460" count="0" type="stmt"/>
      <line num="461" count="0" type="stmt"/>
      <line num="463" count="1" type="stmt"/>
      <line num="464" count="0" type="stmt"/>
      <line num="465" count="0" type="stmt"/>
      <line num="466" count="0" type="stmt"/>
      <line num="467" count="0" type="stmt"/>
      <line num="468" count="0" type="stmt"/>
      <line num="471" count="1" type="stmt"/>
      <line num="472" count="0" type="stmt"/>
      <line num="473" count="0" type="stmt"/>
      <line num="475" count="0" type="stmt"/>
      <line num="476" count="0" type="stmt"/>
      <line num="477" count="0" type="stmt"/>
      <line num="478" count="0" type="stmt"/>
      <line num="479" count="0" type="stmt"/>
      <line num="480" count="0" type="stmt"/>
      <line num="482" count="0" type="stmt"/>
      <line num="483" count="0" type="stmt"/>
      <line num="484" count="0" type="stmt"/>
      <line num="486" count="0" type="stmt"/>
      <line num="487" count="0" type="stmt"/>
      <line num="489" count="0" type="stmt"/>
      <line num="490" count="0" type="stmt"/>
      <line num="493" count="1" type="stmt"/>
      <line num="494" count="0" type="stmt"/>
      <line num="496" count="0" type="stmt"/>
      <line num="497" count="0" type="stmt"/>
      <line num="498" count="0" type="stmt"/>
      <line num="500" count="0" type="stmt"/>
      <line num="501" count="0" type="stmt"/>
      <line num="502" count="0" type="stmt"/>
      <line num="503" count="0" type="stmt"/>
      <line num="504" count="0" type="stmt"/>
      <line num="506" count="0" type="stmt"/>
      <line num="507" count="0" type="stmt"/>
      <line num="509" count="0" type="stmt"/>
      <line num="510" count="0" type="stmt"/>
      <line num="511" count="0" type="stmt"/>
      <line num="513" count="0" type="stmt"/>
      <line num="514" count="0" type="stmt"/>
      <line num="515" count="0" type="stmt"/>
      <line num="517" count="0" type="stmt"/>
      <line num="518" count="0" type="stmt"/>
      <line num="521" count="1" type="stmt"/>
      <line num="522" count="0" type="stmt"/>
      <line num="524" count="0" type="stmt"/>
      <line num="526" count="0" type="stmt"/>
      <line num="527" count="0" type="stmt"/>
      <line num="528" count="0" type="stmt"/>
      <line num="529" count="0" type="stmt"/>
      <line num="530" count="0" type="stmt"/>
      <line num="531" count="0" type="stmt"/>
      <line num="532" count="0" type="stmt"/>
      <line num="533" count="0" type="stmt"/>
      <line num="534" count="0" type="stmt"/>
      <line num="535" count="0" type="stmt"/>
      <line num="538" count="1" type="stmt"/>
      <line num="539" count="0" type="stmt"/>
      <line num="540" count="0" type="stmt"/>
      <line num="541" count="0" type="stmt"/>
      <line num="542" count="0" type="stmt"/>
      <line num="543" count="0" type="stmt"/>
      <line num="544" count="0" type="stmt"/>
      <line num="545" count="0" type="stmt"/>
      <line num="546" count="0" type="stmt"/>
      <line num="547" count="0" type="stmt"/>
      <line num="549" count="0" type="stmt"/>
      <line num="550" count="0" type="stmt"/>
      <line num="552" count="0" type="stmt"/>
      <line num="553" count="0" type="stmt"/>
      <line num="554" count="0" type="stmt"/>
      <line num="556" count="0" type="stmt"/>
      <line num="557" count="0" type="stmt"/>
      <line num="558" count="0" type="stmt"/>
      <line num="559" count="0" type="stmt"/>
      <line num="560" count="0" type="stmt"/>
      <line num="561" count="0" type="stmt"/>
      <line num="564" count="1" type="stmt"/>
      <line num="565" count="0" type="stmt"/>
      <line num="566" count="0" type="stmt"/>
      <line num="567" count="0" type="stmt"/>
      <line num="569" count="0" type="stmt"/>
      <line num="570" count="0" type="stmt"/>
      <line num="571" count="0" type="stmt"/>
      <line num="573" count="0" type="stmt"/>
      <line num="574" count="0" type="stmt"/>
      <line num="575" count="0" type="stmt"/>
      <line num="576" count="0" type="stmt"/>
      <line num="578" count="0" type="stmt"/>
      <line num="579" count="0" type="stmt"/>
      <line num="581" count="0" type="stmt"/>
      <line num="582" count="0" type="stmt"/>
      <line num="585" count="1" type="stmt"/>
      <line num="586" count="0" type="stmt"/>
      <line num="587" count="0" type="stmt"/>
      <line num="588" count="0" type="stmt"/>
      <line num="589" count="0" type="stmt"/>
      <line num="590" count="0" type="stmt"/>
      <line num="591" count="0" type="stmt"/>
      <line num="592" count="0" type="stmt"/>
      <line num="593" count="0" type="stmt"/>
      <line num="594" count="0" type="stmt"/>
      <line num="595" count="0" type="stmt"/>
      <line num="596" count="0" type="stmt"/>
      <line num="599" count="1" type="cond" truecount="1" falsecount="0"/>
      <line num="600" count="3" type="cond" truecount="1" falsecount="0"/>
      <line num="601" count="90" type="stmt"/>
      <line num="602" count="90" type="cond" truecount="1" falsecount="0"/>
      <line num="603" count="128" type="cond" truecount="1" falsecount="0"/>
      <line num="604" count="88" type="stmt"/>
      <line num="605" count="88" type="stmt"/>
      <line num="606" count="88" type="stmt"/>
      <line num="607" count="128" type="stmt"/>
      <line num="609" count="90" type="cond" truecount="1" falsecount="0"/>
      <line num="610" count="2" type="stmt"/>
      <line num="611" count="2" type="stmt"/>
      <line num="613" count="2" type="stmt"/>
      <line num="614" count="2" type="cond" truecount="0" falsecount="1"/>
      <line num="615" count="0" type="stmt"/>
      <line num="616" count="0" type="stmt"/>
      <line num="617" count="0" type="stmt"/>
      <line num="619" count="2" type="stmt"/>
      <line num="620" count="2" type="cond" truecount="1" falsecount="0"/>
      <line num="623" count="2" type="stmt"/>
      <line num="624" count="2" type="cond" truecount="1" falsecount="0"/>
      <line num="627" count="2" type="cond" truecount="0" falsecount="1"/>
      <line num="628" count="0" type="stmt"/>
      <line num="630" count="0" type="stmt"/>
      <line num="631" count="0" type="stmt"/>
      <line num="632" count="0" type="stmt"/>
      <line num="633" count="0" type="stmt"/>
      <line num="634" count="0" type="stmt"/>
      <line num="637" count="2" type="cond" truecount="1" falsecount="0"/>
      <line num="638" count="20" type="cond" truecount="1" falsecount="0"/>
      <line num="639" count="360" type="cond" truecount="1" falsecount="0"/>
      <line num="640" count="1" type="stmt"/>
      <line num="641" count="1" type="stmt"/>
      <line num="643" count="1" type="cond" truecount="0" falsecount="1"/>
      <line num="644" count="0" type="stmt"/>
      <line num="645" count="0" type="stmt"/>
      <line num="646" count="0" type="stmt"/>
      <line num="647" count="0" type="stmt"/>
      <line num="648" count="0" type="stmt"/>
      <line num="649" count="1" type="stmt"/>
      <line num="650" count="360" type="stmt"/>
      <line num="651" count="20" type="stmt"/>
      <line num="652" count="2" type="stmt"/>
      <line num="653" count="90" type="stmt"/>
      <line num="654" count="3" type="stmt"/>
      <line num="657" count="1" type="stmt"/>
      <line num="658" count="0" type="stmt"/>
      <line num="660" count="0" type="stmt"/>
      <line num="661" count="0" type="stmt"/>
      <line num="662" count="0" type="stmt"/>
      <line num="665" count="1" type="stmt"/>
      <line num="666" count="0" type="stmt"/>
      <line num="667" count="0" type="stmt"/>
      <line num="668" count="0" type="stmt"/>
      <line num="669" count="0" type="stmt"/>
      <line num="670" count="0" type="stmt"/>
      <line num="671" count="0" type="stmt"/>
      <line num="674" count="1" type="stmt"/>
      <line num="675" count="0" type="stmt"/>
      <line num="676" count="0" type="stmt"/>
      <line num="677" count="0" type="stmt"/>
      <line num="678" count="0" type="stmt"/>
      <line num="679" count="0" type="stmt"/>
      <line num="680" count="1" type="stmt"/>
      <line num="683" count="3" type="cond" truecount="1" falsecount="0"/>
      <line num="684" count="3" type="cond" truecount="1" falsecount="0"/>
      <line num="685" count="3" type="stmt"/>
      <line num="687" count="3" type="stmt"/>
      <line num="688" count="3" type="stmt"/>
      <line num="689" count="3" type="stmt"/>
      <line num="690" count="3" type="stmt"/>
      <line num="691" count="3" type="stmt"/>
      <line num="694" count="3" type="cond" truecount="1" falsecount="0"/>
      <line num="695" count="3" type="cond" truecount="1" falsecount="0"/>
      <line num="696" count="3" type="stmt"/>
      <line num="698" count="3" type="stmt"/>
      <line num="699" count="3" type="cond" truecount="1" falsecount="0"/>
      <line num="700" count="3" type="stmt"/>
      <line num="701" count="3" type="stmt"/>
      <line num="702" count="3" type="stmt"/>
      <line num="703" count="3" type="stmt"/>
      <line num="704" count="0" type="stmt"/>
      <line num="705" count="3" type="stmt"/>
      <line num="706" count="3" type="stmt"/>
      <line num="707" count="3" type="stmt"/>
      <line num="710" count="2" type="cond" truecount="1" falsecount="0"/>
      <line num="711" count="2" type="stmt"/>
      <line num="712" count="2" type="stmt"/>
      <line num="713" count="2" type="stmt"/>
      <line num="714" count="2" type="cond" truecount="0" falsecount="1"/>
      <line num="715" count="2" type="stmt"/>
      <line num="716" count="2" type="stmt"/>
      <line num="717" count="2" type="stmt"/>
      <line num="720" count="1" type="stmt"/>
      <line num="721" count="1" type="stmt"/>
    </file>
  </project>
</coverage>
