{"/home/nrasamim/Documents/Tetris-Clone/src/Tetris.ts": {"path":"/home/nrasamim/Documents/Tetris-Clone/src/Tetris.ts","all":false,"statementMap":{"18":{"start":{"line":19,"column":0},"end":{"line":19,"column":34}},"19":{"start":{"line":20,"column":0},"end":{"line":20,"column":57}},"20":{"start":{"line":21,"column":0},"end":{"line":21,"column":64}},"21":{"start":{"line":22,"column":0},"end":{"line":22,"column":67}},"22":{"start":{"line":23,"column":0},"end":{"line":23,"column":61}},"23":{"start":{"line":24,"column":0},"end":{"line":24,"column":63}},"24":{"start":{"line":25,"column":0},"end":{"line":25,"column":50}},"25":{"start":{"line":26,"column":0},"end":{"line":26,"column":48}},"26":{"start":{"line":27,"column":0},"end":{"line":27,"column":11}},"46":{"start":{"line":47,"column":0},"end":{"line":47,"column":56}},"47":{"start":{"line":48,"column":0},"end":{"line":48,"column":60}},"48":{"start":{"line":49,"column":0},"end":{"line":49,"column":60}},"49":{"start":{"line":50,"column":0},"end":{"line":50,"column":59}},"50":{"start":{"line":51,"column":0},"end":{"line":51,"column":60}},"51":{"start":{"line":52,"column":0},"end":{"line":52,"column":60}},"52":{"start":{"line":53,"column":0},"end":{"line":53,"column":11}},"55":{"start":{"line":56,"column":0},"end":{"line":56,"column":56}},"56":{"start":{"line":57,"column":0},"end":{"line":57,"column":57}},"57":{"start":{"line":58,"column":0},"end":{"line":58,"column":57}},"58":{"start":{"line":59,"column":0},"end":{"line":59,"column":56}},"59":{"start":{"line":60,"column":0},"end":{"line":60,"column":56}},"60":{"start":{"line":61,"column":0},"end":{"line":61,"column":57}},"61":{"start":{"line":62,"column":0},"end":{"line":62,"column":54}},"62":{"start":{"line":63,"column":0},"end":{"line":63,"column":54}},"63":{"start":{"line":64,"column":0},"end":{"line":64,"column":11}},"66":{"start":{"line":67,"column":0},"end":{"line":67,"column":80}},"67":{"start":{"line":68,"column":0},"end":{"line":68,"column":83}},"68":{"start":{"line":69,"column":0},"end":{"line":69,"column":85}},"74":{"start":{"line":75,"column":0},"end":{"line":75,"column":20}},"80":{"start":{"line":81,"column":0},"end":{"line":81,"column":90}},"82":{"start":{"line":83,"column":0},"end":{"line":83,"column":44}},"83":{"start":{"line":84,"column":0},"end":{"line":84,"column":27}},"84":{"start":{"line":85,"column":0},"end":{"line":85,"column":25}},"85":{"start":{"line":86,"column":0},"end":{"line":86,"column":25}},"86":{"start":{"line":87,"column":0},"end":{"line":87,"column":5}},"89":{"start":{"line":90,"column":0},"end":{"line":90,"column":21}},"90":{"start":{"line":91,"column":0},"end":{"line":91,"column":60}},"91":{"start":{"line":92,"column":0},"end":{"line":92,"column":5}},"94":{"start":{"line":95,"column":0},"end":{"line":95,"column":27}},"95":{"start":{"line":96,"column":0},"end":{"line":96,"column":38}},"96":{"start":{"line":97,"column":0},"end":{"line":97,"column":76}},"97":{"start":{"line":98,"column":0},"end":{"line":98,"column":38}},"98":{"start":{"line":99,"column":0},"end":{"line":99,"column":48}},"99":{"start":{"line":100,"column":0},"end":{"line":100,"column":5}},"102":{"start":{"line":103,"column":0},"end":{"line":103,"column":72}},"103":{"start":{"line":104,"column":0},"end":{"line":104,"column":49}},"104":{"start":{"line":105,"column":0},"end":{"line":105,"column":31}},"105":{"start":{"line":106,"column":0},"end":{"line":106,"column":28}},"106":{"start":{"line":107,"column":0},"end":{"line":107,"column":38}},"107":{"start":{"line":108,"column":0},"end":{"line":108,"column":29}},"108":{"start":{"line":109,"column":0},"end":{"line":109,"column":38}},"109":{"start":{"line":110,"column":0},"end":{"line":110,"column":24}},"110":{"start":{"line":111,"column":0},"end":{"line":111,"column":38}},"111":{"start":{"line":112,"column":0},"end":{"line":112,"column":13}},"112":{"start":{"line":113,"column":0},"end":{"line":113,"column":11}},"113":{"start":{"line":114,"column":0},"end":{"line":114,"column":20}},"114":{"start":{"line":115,"column":0},"end":{"line":115,"column":5}},"117":{"start":{"line":118,"column":0},"end":{"line":118,"column":25}},"118":{"start":{"line":119,"column":0},"end":{"line":119,"column":41}},"119":{"start":{"line":120,"column":0},"end":{"line":120,"column":54}},"120":{"start":{"line":121,"column":0},"end":{"line":121,"column":71}},"123":{"start":{"line":124,"column":0},"end":{"line":124,"column":40}},"124":{"start":{"line":125,"column":0},"end":{"line":125,"column":37}},"125":{"start":{"line":126,"column":0},"end":{"line":126,"column":37}},"126":{"start":{"line":127,"column":0},"end":{"line":127,"column":41}},"127":{"start":{"line":128,"column":0},"end":{"line":128,"column":9}},"130":{"start":{"line":131,"column":0},"end":{"line":131,"column":43}},"131":{"start":{"line":132,"column":0},"end":{"line":132,"column":39}},"132":{"start":{"line":133,"column":0},"end":{"line":133,"column":60}},"133":{"start":{"line":134,"column":0},"end":{"line":134,"column":64}},"134":{"start":{"line":135,"column":0},"end":{"line":135,"column":59}},"135":{"start":{"line":136,"column":0},"end":{"line":136,"column":37}},"136":{"start":{"line":137,"column":0},"end":{"line":137,"column":22}},"137":{"start":{"line":138,"column":0},"end":{"line":138,"column":13}},"138":{"start":{"line":139,"column":0},"end":{"line":139,"column":9}},"141":{"start":{"line":142,"column":0},"end":{"line":142,"column":29}},"142":{"start":{"line":143,"column":0},"end":{"line":143,"column":35}},"143":{"start":{"line":144,"column":0},"end":{"line":144,"column":24}},"144":{"start":{"line":145,"column":0},"end":{"line":145,"column":9}},"146":{"start":{"line":147,"column":0},"end":{"line":147,"column":21}},"147":{"start":{"line":148,"column":0},"end":{"line":148,"column":5}},"150":{"start":{"line":151,"column":0},"end":{"line":151,"column":58}},"151":{"start":{"line":152,"column":0},"end":{"line":152,"column":40}},"152":{"start":{"line":153,"column":0},"end":{"line":153,"column":37}},"153":{"start":{"line":154,"column":0},"end":{"line":154,"column":37}},"155":{"start":{"line":156,"column":0},"end":{"line":156,"column":67}},"156":{"start":{"line":157,"column":0},"end":{"line":157,"column":57}},"158":{"start":{"line":159,"column":0},"end":{"line":159,"column":52}},"159":{"start":{"line":160,"column":0},"end":{"line":160,"column":56}},"161":{"start":{"line":162,"column":0},"end":{"line":162,"column":73}},"162":{"start":{"line":163,"column":0},"end":{"line":163,"column":64}},"163":{"start":{"line":164,"column":0},"end":{"line":164,"column":9}},"164":{"start":{"line":165,"column":0},"end":{"line":165,"column":21}},"165":{"start":{"line":166,"column":0},"end":{"line":166,"column":5}},"166":{"start":{"line":167,"column":0},"end":{"line":167,"column":1}},"169":{"start":{"line":170,"column":0},"end":{"line":170,"column":27}},"176":{"start":{"line":177,"column":0},"end":{"line":177,"column":30}},"177":{"start":{"line":178,"column":0},"end":{"line":178,"column":27}},"179":{"start":{"line":180,"column":0},"end":{"line":180,"column":27}},"180":{"start":{"line":181,"column":0},"end":{"line":181,"column":27}},"181":{"start":{"line":182,"column":0},"end":{"line":182,"column":30}},"182":{"start":{"line":183,"column":0},"end":{"line":183,"column":30}},"183":{"start":{"line":184,"column":0},"end":{"line":184,"column":5}},"185":{"start":{"line":186,"column":0},"end":{"line":186,"column":53}},"186":{"start":{"line":187,"column":0},"end":{"line":187,"column":41}},"187":{"start":{"line":188,"column":0},"end":{"line":188,"column":54}},"189":{"start":{"line":190,"column":0},"end":{"line":190,"column":39}},"190":{"start":{"line":191,"column":0},"end":{"line":191,"column":39}},"191":{"start":{"line":192,"column":0},"end":{"line":192,"column":39}},"192":{"start":{"line":193,"column":0},"end":{"line":193,"column":5}},"194":{"start":{"line":195,"column":0},"end":{"line":195,"column":51}},"195":{"start":{"line":196,"column":0},"end":{"line":196,"column":48}},"196":{"start":{"line":197,"column":0},"end":{"line":197,"column":54}},"198":{"start":{"line":199,"column":0},"end":{"line":199,"column":56}},"199":{"start":{"line":200,"column":0},"end":{"line":200,"column":100}},"202":{"start":{"line":203,"column":0},"end":{"line":203,"column":46}},"203":{"start":{"line":204,"column":0},"end":{"line":204,"column":45}},"204":{"start":{"line":205,"column":0},"end":{"line":205,"column":41}},"205":{"start":{"line":206,"column":0},"end":{"line":206,"column":49}},"206":{"start":{"line":207,"column":0},"end":{"line":207,"column":61}},"207":{"start":{"line":208,"column":0},"end":{"line":208,"column":55}},"208":{"start":{"line":209,"column":0},"end":{"line":209,"column":13}},"209":{"start":{"line":210,"column":0},"end":{"line":210,"column":9}},"210":{"start":{"line":211,"column":0},"end":{"line":211,"column":5}},"212":{"start":{"line":213,"column":0},"end":{"line":213,"column":52}},"213":{"start":{"line":214,"column":0},"end":{"line":214,"column":48}},"214":{"start":{"line":215,"column":0},"end":{"line":215,"column":75}},"215":{"start":{"line":216,"column":0},"end":{"line":216,"column":48}},"217":{"start":{"line":218,"column":0},"end":{"line":218,"column":54}},"218":{"start":{"line":219,"column":0},"end":{"line":219,"column":54}},"220":{"start":{"line":221,"column":0},"end":{"line":221,"column":39}},"221":{"start":{"line":222,"column":0},"end":{"line":222,"column":43}},"222":{"start":{"line":223,"column":0},"end":{"line":223,"column":43}},"225":{"start":{"line":226,"column":0},"end":{"line":226,"column":113}},"226":{"start":{"line":227,"column":0},"end":{"line":227,"column":64}},"228":{"start":{"line":229,"column":0},"end":{"line":229,"column":40}},"229":{"start":{"line":230,"column":0},"end":{"line":230,"column":75}},"230":{"start":{"line":231,"column":0},"end":{"line":231,"column":63}},"231":{"start":{"line":232,"column":0},"end":{"line":232,"column":81}},"232":{"start":{"line":233,"column":0},"end":{"line":233,"column":62}},"233":{"start":{"line":234,"column":0},"end":{"line":234,"column":20}},"234":{"start":{"line":235,"column":0},"end":{"line":235,"column":75}},"235":{"start":{"line":236,"column":0},"end":{"line":236,"column":62}},"236":{"start":{"line":237,"column":0},"end":{"line":237,"column":13}},"238":{"start":{"line":239,"column":0},"end":{"line":239,"column":43}},"239":{"start":{"line":240,"column":0},"end":{"line":240,"column":43}},"240":{"start":{"line":241,"column":0},"end":{"line":241,"column":44}},"241":{"start":{"line":242,"column":0},"end":{"line":242,"column":9}},"242":{"start":{"line":243,"column":0},"end":{"line":243,"column":5}},"245":{"start":{"line":246,"column":0},"end":{"line":246,"column":53}},"246":{"start":{"line":247,"column":0},"end":{"line":247,"column":28}},"248":{"start":{"line":249,"column":0},"end":{"line":249,"column":29}},"249":{"start":{"line":250,"column":0},"end":{"line":250,"column":44}},"250":{"start":{"line":251,"column":0},"end":{"line":251,"column":30}},"251":{"start":{"line":252,"column":0},"end":{"line":252,"column":42}},"253":{"start":{"line":254,"column":0},"end":{"line":254,"column":66}},"254":{"start":{"line":255,"column":0},"end":{"line":255,"column":48}},"256":{"start":{"line":257,"column":0},"end":{"line":257,"column":22}},"257":{"start":{"line":258,"column":0},"end":{"line":258,"column":27}},"258":{"start":{"line":259,"column":0},"end":{"line":259,"column":51}},"259":{"start":{"line":260,"column":0},"end":{"line":260,"column":18}},"260":{"start":{"line":261,"column":0},"end":{"line":261,"column":29}},"261":{"start":{"line":262,"column":0},"end":{"line":262,"column":61}},"262":{"start":{"line":263,"column":0},"end":{"line":263,"column":62}},"263":{"start":{"line":264,"column":0},"end":{"line":264,"column":18}},"264":{"start":{"line":265,"column":0},"end":{"line":265,"column":29}},"265":{"start":{"line":266,"column":0},"end":{"line":266,"column":62}},"266":{"start":{"line":267,"column":0},"end":{"line":267,"column":62}},"267":{"start":{"line":268,"column":0},"end":{"line":268,"column":18}},"268":{"start":{"line":269,"column":0},"end":{"line":269,"column":30}},"269":{"start":{"line":270,"column":0},"end":{"line":270,"column":61}},"270":{"start":{"line":271,"column":0},"end":{"line":271,"column":63}},"271":{"start":{"line":272,"column":0},"end":{"line":272,"column":18}},"272":{"start":{"line":273,"column":0},"end":{"line":273,"column":20}},"273":{"start":{"line":274,"column":0},"end":{"line":274,"column":19}},"274":{"start":{"line":275,"column":0},"end":{"line":275,"column":9}},"275":{"start":{"line":276,"column":0},"end":{"line":276,"column":5}},"276":{"start":{"line":277,"column":0},"end":{"line":277,"column":1}},"279":{"start":{"line":280,"column":0},"end":{"line":280,"column":21}},"286":{"start":{"line":287,"column":0},"end":{"line":287,"column":67}},"287":{"start":{"line":288,"column":0},"end":{"line":288,"column":77}},"288":{"start":{"line":289,"column":0},"end":{"line":289,"column":76}},"290":{"start":{"line":291,"column":0},"end":{"line":291,"column":27}},"291":{"start":{"line":292,"column":0},"end":{"line":292,"column":29}},"292":{"start":{"line":293,"column":0},"end":{"line":293,"column":35}},"293":{"start":{"line":294,"column":0},"end":{"line":294,"column":5}},"295":{"start":{"line":296,"column":0},"end":{"line":296,"column":19}},"296":{"start":{"line":297,"column":0},"end":{"line":297,"column":58}},"297":{"start":{"line":298,"column":0},"end":{"line":298,"column":5}},"299":{"start":{"line":300,"column":0},"end":{"line":300,"column":68}},"300":{"start":{"line":301,"column":0},"end":{"line":301,"column":65}},"301":{"start":{"line":302,"column":0},"end":{"line":302,"column":5}},"304":{"start":{"line":305,"column":0},"end":{"line":305,"column":71}},"305":{"start":{"line":306,"column":0},"end":{"line":306,"column":31}},"306":{"start":{"line":307,"column":0},"end":{"line":307,"column":37}},"307":{"start":{"line":308,"column":0},"end":{"line":308,"column":39}},"308":{"start":{"line":309,"column":0},"end":{"line":309,"column":38}},"309":{"start":{"line":310,"column":0},"end":{"line":310,"column":41}},"311":{"start":{"line":312,"column":0},"end":{"line":312,"column":41}},"312":{"start":{"line":313,"column":0},"end":{"line":313,"column":49}},"314":{"start":{"line":315,"column":0},"end":{"line":315,"column":45}},"315":{"start":{"line":316,"column":0},"end":{"line":316,"column":55}},"316":{"start":{"line":317,"column":0},"end":{"line":317,"column":53}},"317":{"start":{"line":318,"column":0},"end":{"line":318,"column":5}},"320":{"start":{"line":321,"column":0},"end":{"line":321,"column":59}},"321":{"start":{"line":322,"column":0},"end":{"line":322,"column":42}},"322":{"start":{"line":323,"column":0},"end":{"line":323,"column":42}},"324":{"start":{"line":325,"column":0},"end":{"line":325,"column":101}},"326":{"start":{"line":327,"column":0},"end":{"line":327,"column":65}},"328":{"start":{"line":329,"column":0},"end":{"line":329,"column":45}},"329":{"start":{"line":330,"column":0},"end":{"line":330,"column":44}},"331":{"start":{"line":332,"column":0},"end":{"line":332,"column":52}},"332":{"start":{"line":333,"column":0},"end":{"line":333,"column":32}},"333":{"start":{"line":334,"column":0},"end":{"line":334,"column":35}},"334":{"start":{"line":335,"column":0},"end":{"line":335,"column":35}},"336":{"start":{"line":337,"column":0},"end":{"line":337,"column":38}},"337":{"start":{"line":338,"column":0},"end":{"line":338,"column":64}},"339":{"start":{"line":340,"column":0},"end":{"line":340,"column":58}},"340":{"start":{"line":341,"column":0},"end":{"line":341,"column":31}},"341":{"start":{"line":342,"column":0},"end":{"line":342,"column":29}},"342":{"start":{"line":343,"column":0},"end":{"line":343,"column":30}},"343":{"start":{"line":344,"column":0},"end":{"line":344,"column":47}},"344":{"start":{"line":345,"column":0},"end":{"line":345,"column":64}},"345":{"start":{"line":346,"column":0},"end":{"line":346,"column":26}},"347":{"start":{"line":348,"column":0},"end":{"line":348,"column":52}},"348":{"start":{"line":349,"column":0},"end":{"line":349,"column":29}},"349":{"start":{"line":350,"column":0},"end":{"line":350,"column":30}},"350":{"start":{"line":351,"column":0},"end":{"line":351,"column":47}},"351":{"start":{"line":352,"column":0},"end":{"line":352,"column":64}},"352":{"start":{"line":353,"column":0},"end":{"line":353,"column":26}},"353":{"start":{"line":354,"column":0},"end":{"line":354,"column":5}},"354":{"start":{"line":355,"column":0},"end":{"line":355,"column":1}},"357":{"start":{"line":358,"column":0},"end":{"line":358,"column":19}},"383":{"start":{"line":384,"column":0},"end":{"line":384,"column":19}},"384":{"start":{"line":385,"column":0},"end":{"line":385,"column":57}},"385":{"start":{"line":386,"column":0},"end":{"line":386,"column":55}},"386":{"start":{"line":387,"column":0},"end":{"line":387,"column":33}},"388":{"start":{"line":389,"column":0},"end":{"line":389,"column":23}},"389":{"start":{"line":390,"column":0},"end":{"line":390,"column":27}},"391":{"start":{"line":392,"column":0},"end":{"line":392,"column":26}},"392":{"start":{"line":393,"column":0},"end":{"line":393,"column":29}},"393":{"start":{"line":394,"column":0},"end":{"line":394,"column":50}},"395":{"start":{"line":396,"column":0},"end":{"line":396,"column":33}},"396":{"start":{"line":397,"column":0},"end":{"line":397,"column":34}},"397":{"start":{"line":398,"column":0},"end":{"line":398,"column":36}},"398":{"start":{"line":399,"column":0},"end":{"line":399,"column":37}},"400":{"start":{"line":401,"column":0},"end":{"line":401,"column":29}},"401":{"start":{"line":402,"column":0},"end":{"line":402,"column":29}},"403":{"start":{"line":404,"column":0},"end":{"line":404,"column":51}},"404":{"start":{"line":405,"column":0},"end":{"line":405,"column":55}},"405":{"start":{"line":406,"column":0},"end":{"line":406,"column":32}},"407":{"start":{"line":408,"column":0},"end":{"line":408,"column":28}},"409":{"start":{"line":410,"column":0},"end":{"line":410,"column":78}},"410":{"start":{"line":411,"column":0},"end":{"line":411,"column":51}},"412":{"start":{"line":413,"column":0},"end":{"line":413,"column":38}},"413":{"start":{"line":414,"column":0},"end":{"line":414,"column":56}},"414":{"start":{"line":415,"column":0},"end":{"line":415,"column":43}},"415":{"start":{"line":416,"column":0},"end":{"line":416,"column":56}},"417":{"start":{"line":418,"column":0},"end":{"line":418,"column":59}},"418":{"start":{"line":419,"column":0},"end":{"line":419,"column":41}},"419":{"start":{"line":420,"column":0},"end":{"line":420,"column":43}},"420":{"start":{"line":421,"column":0},"end":{"line":421,"column":5}},"423":{"start":{"line":424,"column":0},"end":{"line":424,"column":37}},"424":{"start":{"line":425,"column":0},"end":{"line":425,"column":13}},"426":{"start":{"line":427,"column":0},"end":{"line":427,"column":83}},"427":{"start":{"line":428,"column":0},"end":{"line":428,"column":87}},"429":{"start":{"line":430,"column":0},"end":{"line":430,"column":84}},"430":{"start":{"line":431,"column":0},"end":{"line":431,"column":88}},"433":{"start":{"line":434,"column":0},"end":{"line":434,"column":117}},"434":{"start":{"line":435,"column":0},"end":{"line":435,"column":113}},"435":{"start":{"line":436,"column":0},"end":{"line":436,"column":115}},"438":{"start":{"line":439,"column":0},"end":{"line":439,"column":82}},"440":{"start":{"line":441,"column":0},"end":{"line":441,"column":64}},"442":{"start":{"line":443,"column":0},"end":{"line":443,"column":88}},"443":{"start":{"line":444,"column":0},"end":{"line":444,"column":54}},"444":{"start":{"line":445,"column":0},"end":{"line":445,"column":29}},"446":{"start":{"line":447,"column":0},"end":{"line":447,"column":75}},"447":{"start":{"line":448,"column":0},"end":{"line":448,"column":71}},"449":{"start":{"line":450,"column":0},"end":{"line":450,"column":116}},"450":{"start":{"line":451,"column":0},"end":{"line":451,"column":70}},"451":{"start":{"line":452,"column":0},"end":{"line":452,"column":27}},"452":{"start":{"line":453,"column":0},"end":{"line":453,"column":49}},"453":{"start":{"line":454,"column":0},"end":{"line":454,"column":9}},"454":{"start":{"line":455,"column":0},"end":{"line":455,"column":5}},"456":{"start":{"line":457,"column":0},"end":{"line":457,"column":23}},"457":{"start":{"line":458,"column":0},"end":{"line":458,"column":32}},"458":{"start":{"line":459,"column":0},"end":{"line":459,"column":71}},"459":{"start":{"line":460,"column":0},"end":{"line":460,"column":9}},"460":{"start":{"line":461,"column":0},"end":{"line":461,"column":5}},"462":{"start":{"line":463,"column":0},"end":{"line":463,"column":22}},"463":{"start":{"line":464,"column":0},"end":{"line":464,"column":31}},"464":{"start":{"line":465,"column":0},"end":{"line":465,"column":51}},"465":{"start":{"line":466,"column":0},"end":{"line":466,"column":36}},"466":{"start":{"line":467,"column":0},"end":{"line":467,"column":9}},"467":{"start":{"line":468,"column":0},"end":{"line":468,"column":5}},"470":{"start":{"line":471,"column":0},"end":{"line":471,"column":41}},"471":{"start":{"line":472,"column":0},"end":{"line":472,"column":43}},"472":{"start":{"line":473,"column":0},"end":{"line":473,"column":29}},"474":{"start":{"line":475,"column":0},"end":{"line":475,"column":34}},"475":{"start":{"line":476,"column":0},"end":{"line":476,"column":52}},"476":{"start":{"line":477,"column":0},"end":{"line":477,"column":40}},"477":{"start":{"line":478,"column":0},"end":{"line":478,"column":41}},"478":{"start":{"line":479,"column":0},"end":{"line":479,"column":44}},"479":{"start":{"line":480,"column":0},"end":{"line":480,"column":13}},"481":{"start":{"line":482,"column":0},"end":{"line":482,"column":31}},"482":{"start":{"line":483,"column":0},"end":{"line":483,"column":33}},"483":{"start":{"line":484,"column":0},"end":{"line":484,"column":9}},"485":{"start":{"line":486,"column":0},"end":{"line":486,"column":74}},"486":{"start":{"line":487,"column":0},"end":{"line":487,"column":71}},"488":{"start":{"line":489,"column":0},"end":{"line":489,"column":36}},"489":{"start":{"line":490,"column":0},"end":{"line":490,"column":5}},"492":{"start":{"line":493,"column":0},"end":{"line":493,"column":25}},"493":{"start":{"line":494,"column":0},"end":{"line":494,"column":47}},"495":{"start":{"line":496,"column":0},"end":{"line":496,"column":28}},"496":{"start":{"line":497,"column":0},"end":{"line":497,"column":68}},"497":{"start":{"line":498,"column":0},"end":{"line":498,"column":25}},"499":{"start":{"line":500,"column":0},"end":{"line":500,"column":33}},"500":{"start":{"line":501,"column":0},"end":{"line":501,"column":75}},"501":{"start":{"line":502,"column":0},"end":{"line":502,"column":78}},"502":{"start":{"line":503,"column":0},"end":{"line":503,"column":49}},"503":{"start":{"line":504,"column":0},"end":{"line":504,"column":55}},"505":{"start":{"line":506,"column":0},"end":{"line":506,"column":68}},"506":{"start":{"line":507,"column":0},"end":{"line":507,"column":9}},"508":{"start":{"line":509,"column":0},"end":{"line":509,"column":27}},"509":{"start":{"line":510,"column":0},"end":{"line":510,"column":66}},"510":{"start":{"line":511,"column":0},"end":{"line":511,"column":25}},"512":{"start":{"line":513,"column":0},"end":{"line":513,"column":32}},"513":{"start":{"line":514,"column":0},"end":{"line":514,"column":46}},"514":{"start":{"line":515,"column":0},"end":{"line":515,"column":46}},"516":{"start":{"line":517,"column":0},"end":{"line":517,"column":40}},"517":{"start":{"line":518,"column":0},"end":{"line":518,"column":5}},"520":{"start":{"line":521,"column":0},"end":{"line":521,"column":23}},"521":{"start":{"line":522,"column":0},"end":{"line":522,"column":41}},"523":{"start":{"line":524,"column":0},"end":{"line":524,"column":47}},"525":{"start":{"line":526,"column":0},"end":{"line":526,"column":32}},"526":{"start":{"line":527,"column":0},"end":{"line":527,"column":28}},"527":{"start":{"line":528,"column":0},"end":{"line":528,"column":41}},"528":{"start":{"line":529,"column":0},"end":{"line":529,"column":70}},"529":{"start":{"line":530,"column":0},"end":{"line":530,"column":63}},"530":{"start":{"line":531,"column":0},"end":{"line":531,"column":16}},"531":{"start":{"line":532,"column":0},"end":{"line":532,"column":40}},"532":{"start":{"line":533,"column":0},"end":{"line":533,"column":29}},"533":{"start":{"line":534,"column":0},"end":{"line":534,"column":9}},"534":{"start":{"line":535,"column":0},"end":{"line":535,"column":5}},"537":{"start":{"line":538,"column":0},"end":{"line":538,"column":25}},"538":{"start":{"line":539,"column":0},"end":{"line":539,"column":31}},"539":{"start":{"line":540,"column":0},"end":{"line":540,"column":31}},"540":{"start":{"line":541,"column":0},"end":{"line":541,"column":65}},"541":{"start":{"line":542,"column":0},"end":{"line":542,"column":76}},"542":{"start":{"line":543,"column":0},"end":{"line":543,"column":38}},"543":{"start":{"line":544,"column":0},"end":{"line":544,"column":26}},"544":{"start":{"line":545,"column":0},"end":{"line":545,"column":17}},"545":{"start":{"line":546,"column":0},"end":{"line":546,"column":13}},"546":{"start":{"line":547,"column":0},"end":{"line":547,"column":9}},"548":{"start":{"line":549,"column":0},"end":{"line":549,"column":25}},"549":{"start":{"line":550,"column":0},"end":{"line":550,"column":28}},"551":{"start":{"line":552,"column":0},"end":{"line":552,"column":41}},"552":{"start":{"line":553,"column":0},"end":{"line":553,"column":37}},"553":{"start":{"line":554,"column":0},"end":{"line":554,"column":40}},"555":{"start":{"line":556,"column":0},"end":{"line":556,"column":70}},"556":{"start":{"line":557,"column":0},"end":{"line":557,"column":66}},"557":{"start":{"line":558,"column":0},"end":{"line":558,"column":117}},"558":{"start":{"line":559,"column":0},"end":{"line":559,"column":9}},"559":{"start":{"line":560,"column":0},"end":{"line":560,"column":28}},"560":{"start":{"line":561,"column":0},"end":{"line":561,"column":5}},"563":{"start":{"line":564,"column":0},"end":{"line":564,"column":25}},"564":{"start":{"line":565,"column":0},"end":{"line":565,"column":23}},"565":{"start":{"line":566,"column":0},"end":{"line":566,"column":27}},"566":{"start":{"line":567,"column":0},"end":{"line":567,"column":33}},"568":{"start":{"line":569,"column":0},"end":{"line":569,"column":26}},"569":{"start":{"line":570,"column":0},"end":{"line":570,"column":29}},"570":{"start":{"line":571,"column":0},"end":{"line":571,"column":50}},"572":{"start":{"line":573,"column":0},"end":{"line":573,"column":33}},"573":{"start":{"line":574,"column":0},"end":{"line":574,"column":34}},"574":{"start":{"line":575,"column":0},"end":{"line":575,"column":35}},"575":{"start":{"line":576,"column":0},"end":{"line":576,"column":37}},"577":{"start":{"line":578,"column":0},"end":{"line":578,"column":29}},"578":{"start":{"line":579,"column":0},"end":{"line":579,"column":29}},"580":{"start":{"line":581,"column":0},"end":{"line":581,"column":25}},"581":{"start":{"line":582,"column":0},"end":{"line":582,"column":5}},"584":{"start":{"line":585,"column":0},"end":{"line":585,"column":22}},"585":{"start":{"line":586,"column":0},"end":{"line":586,"column":33}},"586":{"start":{"line":587,"column":0},"end":{"line":587,"column":62}},"587":{"start":{"line":588,"column":0},"end":{"line":588,"column":37}},"588":{"start":{"line":589,"column":0},"end":{"line":589,"column":65}},"589":{"start":{"line":590,"column":0},"end":{"line":590,"column":49}},"590":{"start":{"line":591,"column":0},"end":{"line":591,"column":9}},"591":{"start":{"line":592,"column":0},"end":{"line":592,"column":63}},"592":{"start":{"line":593,"column":0},"end":{"line":593,"column":43}},"593":{"start":{"line":594,"column":0},"end":{"line":594,"column":67}},"594":{"start":{"line":595,"column":0},"end":{"line":595,"column":9}},"595":{"start":{"line":596,"column":0},"end":{"line":596,"column":5}},"598":{"start":{"line":599,"column":0},"end":{"line":599,"column":25}},"599":{"start":{"line":600,"column":0},"end":{"line":600,"column":63}},"600":{"start":{"line":601,"column":0},"end":{"line":601,"column":33}},"601":{"start":{"line":602,"column":0},"end":{"line":602,"column":65}},"602":{"start":{"line":603,"column":0},"end":{"line":603,"column":55}},"603":{"start":{"line":604,"column":0},"end":{"line":604,"column":38}},"604":{"start":{"line":605,"column":0},"end":{"line":605,"column":26}},"605":{"start":{"line":606,"column":0},"end":{"line":606,"column":17}},"606":{"start":{"line":607,"column":0},"end":{"line":607,"column":13}},"608":{"start":{"line":609,"column":0},"end":{"line":609,"column":28}},"609":{"start":{"line":610,"column":0},"end":{"line":610,"column":54}},"610":{"start":{"line":611,"column":0},"end":{"line":611,"column":38}},"612":{"start":{"line":613,"column":0},"end":{"line":613,"column":58}},"613":{"start":{"line":614,"column":0},"end":{"line":614,"column":54}},"614":{"start":{"line":615,"column":0},"end":{"line":615,"column":48}},"615":{"start":{"line":616,"column":0},"end":{"line":616,"column":102}},"616":{"start":{"line":617,"column":0},"end":{"line":617,"column":17}},"618":{"start":{"line":619,"column":0},"end":{"line":619,"column":78}},"619":{"start":{"line":620,"column":0},"end":{"line":620,"column":80}},"622":{"start":{"line":623,"column":0},"end":{"line":623,"column":67}},"623":{"start":{"line":624,"column":0},"end":{"line":624,"column":52}},"626":{"start":{"line":627,"column":0},"end":{"line":627,"column":66}},"627":{"start":{"line":628,"column":0},"end":{"line":628,"column":104}},"629":{"start":{"line":630,"column":0},"end":{"line":630,"column":64}},"630":{"start":{"line":631,"column":0},"end":{"line":631,"column":53}},"631":{"start":{"line":632,"column":0},"end":{"line":632,"column":28}},"632":{"start":{"line":633,"column":0},"end":{"line":633,"column":21}},"633":{"start":{"line":634,"column":0},"end":{"line":634,"column":17}},"636":{"start":{"line":637,"column":0},"end":{"line":637,"column":65}},"637":{"start":{"line":638,"column":0},"end":{"line":638,"column":73}},"638":{"start":{"line":639,"column":0},"end":{"line":639,"column":68}},"639":{"start":{"line":640,"column":0},"end":{"line":640,"column":65}},"640":{"start":{"line":641,"column":0},"end":{"line":641,"column":68}},"642":{"start":{"line":643,"column":0},"end":{"line":643,"column":78}},"643":{"start":{"line":644,"column":0},"end":{"line":644,"column":91}},"644":{"start":{"line":645,"column":0},"end":{"line":645,"column":122}},"645":{"start":{"line":646,"column":0},"end":{"line":646,"column":76}},"646":{"start":{"line":647,"column":0},"end":{"line":647,"column":33}},"647":{"start":{"line":648,"column":0},"end":{"line":648,"column":29}},"648":{"start":{"line":649,"column":0},"end":{"line":649,"column":25}},"649":{"start":{"line":650,"column":0},"end":{"line":650,"column":21}},"650":{"start":{"line":651,"column":0},"end":{"line":651,"column":17}},"651":{"start":{"line":652,"column":0},"end":{"line":652,"column":13}},"652":{"start":{"line":653,"column":0},"end":{"line":653,"column":9}},"653":{"start":{"line":654,"column":0},"end":{"line":654,"column":5}},"656":{"start":{"line":657,"column":0},"end":{"line":657,"column":30}},"657":{"start":{"line":658,"column":0},"end":{"line":658,"column":39}},"659":{"start":{"line":660,"column":0},"end":{"line":660,"column":52}},"660":{"start":{"line":661,"column":0},"end":{"line":661,"column":67}},"661":{"start":{"line":662,"column":0},"end":{"line":662,"column":5}},"664":{"start":{"line":665,"column":0},"end":{"line":665,"column":23}},"665":{"start":{"line":666,"column":0},"end":{"line":666,"column":44}},"666":{"start":{"line":667,"column":0},"end":{"line":667,"column":42}},"667":{"start":{"line":668,"column":0},"end":{"line":668,"column":58}},"668":{"start":{"line":669,"column":0},"end":{"line":669,"column":15}},"669":{"start":{"line":670,"column":0},"end":{"line":670,"column":9}},"670":{"start":{"line":671,"column":0},"end":{"line":671,"column":5}},"673":{"start":{"line":674,"column":0},"end":{"line":674,"column":23}},"674":{"start":{"line":675,"column":0},"end":{"line":675,"column":63}},"675":{"start":{"line":676,"column":0},"end":{"line":676,"column":88}},"676":{"start":{"line":677,"column":0},"end":{"line":677,"column":112}},"677":{"start":{"line":678,"column":0},"end":{"line":678,"column":9}},"678":{"start":{"line":679,"column":0},"end":{"line":679,"column":5}},"679":{"start":{"line":680,"column":0},"end":{"line":680,"column":1}},"682":{"start":{"line":683,"column":0},"end":{"line":683,"column":60}},"683":{"start":{"line":684,"column":0},"end":{"line":684,"column":45}},"684":{"start":{"line":685,"column":0},"end":{"line":685,"column":32}},"686":{"start":{"line":687,"column":0},"end":{"line":687,"column":22}},"687":{"start":{"line":688,"column":0},"end":{"line":688,"column":40}},"688":{"start":{"line":689,"column":0},"end":{"line":689,"column":78}},"689":{"start":{"line":690,"column":0},"end":{"line":690,"column":7}},"690":{"start":{"line":691,"column":0},"end":{"line":691,"column":1}},"693":{"start":{"line":694,"column":0},"end":{"line":694,"column":61}},"694":{"start":{"line":695,"column":0},"end":{"line":695,"column":45}},"695":{"start":{"line":696,"column":0},"end":{"line":696,"column":55}},"697":{"start":{"line":698,"column":0},"end":{"line":698,"column":19}},"698":{"start":{"line":699,"column":0},"end":{"line":699,"column":35}},"699":{"start":{"line":700,"column":0},"end":{"line":700,"column":47}},"700":{"start":{"line":701,"column":0},"end":{"line":701,"column":26}},"701":{"start":{"line":702,"column":0},"end":{"line":702,"column":14}},"702":{"start":{"line":703,"column":0},"end":{"line":703,"column":29}},"703":{"start":{"line":704,"column":0},"end":{"line":704,"column":75}},"704":{"start":{"line":705,"column":0},"end":{"line":705,"column":15}},"705":{"start":{"line":706,"column":0},"end":{"line":706,"column":7}},"706":{"start":{"line":707,"column":0},"end":{"line":707,"column":1}},"709":{"start":{"line":710,"column":0},"end":{"line":710,"column":74}},"710":{"start":{"line":711,"column":0},"end":{"line":711,"column":16}},"711":{"start":{"line":712,"column":0},"end":{"line":712,"column":27}},"712":{"start":{"line":713,"column":0},"end":{"line":713,"column":30}},"713":{"start":{"line":714,"column":0},"end":{"line":714,"column":36}},"714":{"start":{"line":715,"column":0},"end":{"line":715,"column":88}},"715":{"start":{"line":716,"column":0},"end":{"line":716,"column":5}},"716":{"start":{"line":717,"column":0},"end":{"line":717,"column":1}},"719":{"start":{"line":720,"column":0},"end":{"line":720,"column":24}},"720":{"start":{"line":721,"column":0},"end":{"line":721,"column":16}}},"s":{"18":1,"19":1,"20":1,"21":1,"22":1,"23":1,"24":1,"25":1,"26":1,"46":1,"47":1,"48":1,"49":1,"50":1,"51":1,"52":1,"55":1,"56":1,"57":1,"58":1,"59":1,"60":1,"61":1,"62":1,"63":1,"66":1,"67":1,"68":1,"74":1,"80":1,"82":9,"83":9,"84":9,"85":9,"86":9,"89":1,"90":0,"91":0,"94":1,"95":0,"96":0,"97":0,"98":0,"99":0,"102":1,"103":0,"104":0,"105":0,"106":0,"107":0,"108":0,"109":0,"110":0,"111":0,"112":0,"113":0,"114":0,"117":1,"118":4,"119":4,"120":4,"123":4,"124":12,"125":12,"126":12,"127":12,"130":3,"131":4,"132":11,"133":11,"134":11,"135":2,"136":2,"137":2,"138":11,"141":4,"142":1,"143":1,"144":1,"146":2,"147":4,"150":1,"151":5,"152":5,"153":5,"155":5,"156":5,"158":3,"159":5,"161":2,"162":5,"163":5,"164":1,"165":5,"166":1,"169":1,"176":1,"177":15,"179":15,"180":15,"181":15,"182":15,"183":15,"185":1,"186":0,"187":0,"189":0,"190":0,"191":0,"192":0,"194":1,"195":0,"196":0,"198":0,"199":0,"202":0,"203":0,"204":0,"205":0,"206":0,"207":0,"208":0,"209":0,"210":0,"212":1,"213":0,"214":0,"215":0,"217":0,"218":0,"220":0,"221":0,"222":0,"225":0,"226":0,"228":0,"229":0,"230":0,"231":0,"232":0,"233":0,"234":0,"235":0,"236":0,"238":0,"239":0,"240":0,"241":0,"242":0,"245":1,"246":0,"248":0,"249":0,"250":0,"251":0,"253":0,"254":0,"256":0,"257":0,"258":0,"259":0,"260":0,"261":0,"262":0,"263":0,"264":0,"265":0,"266":0,"267":0,"268":0,"269":0,"270":0,"271":0,"272":0,"273":0,"274":0,"275":0,"276":1,"279":1,"286":1,"287":15,"288":15,"290":15,"291":15,"292":15,"293":15,"295":1,"296":0,"297":0,"299":1,"300":0,"301":0,"304":1,"305":0,"306":0,"307":0,"308":0,"309":0,"311":0,"312":0,"314":0,"315":0,"316":0,"317":0,"320":1,"321":0,"322":0,"324":0,"326":0,"328":0,"329":0,"331":0,"332":0,"333":0,"334":0,"336":0,"337":0,"339":0,"340":0,"341":0,"342":0,"343":0,"344":0,"345":0,"347":0,"348":0,"349":0,"350":0,"351":0,"352":0,"353":0,"354":1,"357":1,"383":1,"384":15,"385":15,"386":15,"388":15,"389":15,"391":15,"392":15,"393":15,"395":15,"396":15,"397":15,"398":15,"400":15,"401":15,"403":15,"404":15,"405":15,"407":15,"409":15,"410":15,"412":15,"413":15,"414":15,"415":15,"417":15,"418":15,"419":15,"420":15,"423":1,"424":3,"426":3,"427":3,"429":3,"430":3,"433":3,"434":3,"435":3,"438":3,"440":3,"442":3,"443":0,"444":0,"446":0,"447":3,"449":3,"450":3,"451":3,"452":0,"453":0,"454":3,"456":1,"457":0,"458":0,"459":0,"460":0,"462":1,"463":0,"464":0,"465":0,"466":0,"467":0,"470":1,"471":0,"472":0,"474":0,"475":0,"476":0,"477":0,"478":0,"479":0,"481":0,"482":0,"483":0,"485":0,"486":0,"488":0,"489":0,"492":1,"493":0,"495":0,"496":0,"497":0,"499":0,"500":0,"501":0,"502":0,"503":0,"505":0,"506":0,"508":0,"509":0,"510":0,"512":0,"513":0,"514":0,"516":0,"517":0,"520":1,"521":0,"523":0,"525":0,"526":0,"527":0,"528":0,"529":0,"530":0,"531":0,"532":0,"533":0,"534":0,"537":1,"538":0,"539":0,"540":0,"541":0,"542":0,"543":0,"544":0,"545":0,"546":0,"548":0,"549":0,"551":0,"552":0,"553":0,"555":0,"556":0,"557":0,"558":0,"559":0,"560":0,"563":1,"564":0,"565":0,"566":0,"568":0,"569":0,"570":0,"572":0,"573":0,"574":0,"575":0,"577":0,"578":0,"580":0,"581":0,"584":1,"585":0,"586":0,"587":0,"588":0,"589":0,"590":0,"591":0,"592":0,"593":0,"594":0,"595":0,"598":1,"599":3,"600":90,"601":90,"602":128,"603":88,"604":88,"605":88,"606":128,"608":90,"609":2,"610":2,"612":2,"613":2,"614":0,"615":0,"616":0,"618":2,"619":2,"622":2,"623":2,"626":2,"627":0,"629":0,"630":0,"631":0,"632":0,"633":0,"636":2,"637":20,"638":360,"639":1,"640":1,"642":1,"643":0,"644":0,"645":0,"646":0,"647":0,"648":1,"649":360,"650":20,"651":2,"652":90,"653":3,"656":1,"657":0,"659":0,"660":0,"661":0,"664":1,"665":0,"666":0,"667":0,"668":0,"669":0,"670":0,"673":1,"674":0,"675":0,"676":0,"677":0,"678":0,"679":1,"682":3,"683":3,"684":3,"686":3,"687":3,"688":3,"689":3,"690":3,"693":3,"694":3,"695":3,"697":3,"698":3,"699":3,"700":3,"701":3,"702":3,"703":0,"704":3,"705":3,"706":3,"709":2,"710":2,"711":2,"712":2,"713":2,"714":2,"715":2,"716":2,"719":1,"720":1},"branchMap":{"0":{"type":"branch","line":81,"loc":{"start":{"line":81,"column":4},"end":{"line":87,"column":5}},"locations":[{"start":{"line":81,"column":4},"end":{"line":87,"column":5}}]},"1":{"type":"branch","line":118,"loc":{"start":{"line":118,"column":4},"end":{"line":148,"column":5}},"locations":[{"start":{"line":118,"column":4},"end":{"line":148,"column":5}}]},"2":{"type":"branch","line":121,"loc":{"start":{"line":121,"column":31},"end":{"line":121,"column":71}},"locations":[{"start":{"line":121,"column":31},"end":{"line":121,"column":71}}]},"3":{"type":"branch","line":121,"loc":{"start":{"line":121,"column":38},"end":{"line":124,"column":39}},"locations":[{"start":{"line":121,"column":38},"end":{"line":124,"column":39}}]},"4":{"type":"branch","line":124,"loc":{"start":{"line":124,"column":39},"end":{"line":128,"column":9}},"locations":[{"start":{"line":124,"column":39},"end":{"line":128,"column":9}}]},"5":{"type":"branch","line":128,"loc":{"start":{"line":128,"column":8},"end":{"line":132,"column":38}},"locations":[{"start":{"line":128,"column":8},"end":{"line":132,"column":38}}]},"6":{"type":"branch","line":132,"loc":{"start":{"line":132,"column":38},"end":{"line":139,"column":9}},"locations":[{"start":{"line":132,"column":38},"end":{"line":139,"column":9}}]},"7":{"type":"branch","line":135,"loc":{"start":{"line":135,"column":58},"end":{"line":138,"column":13}},"locations":[{"start":{"line":135,"column":58},"end":{"line":138,"column":13}}]},"8":{"type":"branch","line":139,"loc":{"start":{"line":139,"column":8},"end":{"line":142,"column":28}},"locations":[{"start":{"line":139,"column":8},"end":{"line":142,"column":28}}]},"9":{"type":"branch","line":142,"loc":{"start":{"line":142,"column":28},"end":{"line":145,"column":9}},"locations":[{"start":{"line":142,"column":28},"end":{"line":145,"column":9}}]},"10":{"type":"branch","line":145,"loc":{"start":{"line":145,"column":8},"end":{"line":147,"column":21}},"locations":[{"start":{"line":145,"column":8},"end":{"line":147,"column":21}}]},"11":{"type":"branch","line":151,"loc":{"start":{"line":151,"column":4},"end":{"line":166,"column":5}},"locations":[{"start":{"line":151,"column":4},"end":{"line":166,"column":5}}]},"12":{"type":"branch","line":156,"loc":{"start":{"line":156,"column":23},"end":{"line":156,"column":67}},"locations":[{"start":{"line":156,"column":23},"end":{"line":156,"column":67}}]},"13":{"type":"branch","line":157,"loc":{"start":{"line":157,"column":16},"end":{"line":157,"column":57}},"locations":[{"start":{"line":157,"column":16},"end":{"line":157,"column":57}}]},"14":{"type":"branch","line":157,"loc":{"start":{"line":157,"column":23},"end":{"line":160,"column":23}},"locations":[{"start":{"line":157,"column":23},"end":{"line":160,"column":23}}]},"15":{"type":"branch","line":160,"loc":{"start":{"line":160,"column":16},"end":{"line":160,"column":56}},"locations":[{"start":{"line":160,"column":16},"end":{"line":160,"column":56}}]},"16":{"type":"branch","line":160,"loc":{"start":{"line":160,"column":23},"end":{"line":162,"column":73}},"locations":[{"start":{"line":160,"column":23},"end":{"line":162,"column":73}}]},"17":{"type":"branch","line":163,"loc":{"start":{"line":163,"column":16},"end":{"line":163,"column":64}},"locations":[{"start":{"line":163,"column":16},"end":{"line":163,"column":64}}]},"18":{"type":"branch","line":164,"loc":{"start":{"line":164,"column":8},"end":{"line":165,"column":21}},"locations":[{"start":{"line":164,"column":8},"end":{"line":165,"column":21}}]},"19":{"type":"branch","line":177,"loc":{"start":{"line":177,"column":4},"end":{"line":184,"column":5}},"locations":[{"start":{"line":177,"column":4},"end":{"line":184,"column":5}}]},"20":{"type":"branch","line":287,"loc":{"start":{"line":287,"column":4},"end":{"line":294,"column":5}},"locations":[{"start":{"line":287,"column":4},"end":{"line":294,"column":5}}]},"21":{"type":"branch","line":384,"loc":{"start":{"line":384,"column":4},"end":{"line":421,"column":5}},"locations":[{"start":{"line":384,"column":4},"end":{"line":421,"column":5}}]},"22":{"type":"branch","line":424,"loc":{"start":{"line":424,"column":4},"end":{"line":455,"column":5}},"locations":[{"start":{"line":424,"column":4},"end":{"line":455,"column":5}}]},"23":{"type":"branch","line":443,"loc":{"start":{"line":443,"column":66},"end":{"line":447,"column":75}},"locations":[{"start":{"line":443,"column":66},"end":{"line":447,"column":75}}]},"24":{"type":"branch","line":448,"loc":{"start":{"line":448,"column":29},"end":{"line":450,"column":85}},"locations":[{"start":{"line":448,"column":29},"end":{"line":450,"column":85}}]},"25":{"type":"branch","line":450,"loc":{"start":{"line":450,"column":69},"end":{"line":450,"column":90}},"locations":[{"start":{"line":450,"column":69},"end":{"line":450,"column":90}}]},"26":{"type":"branch","line":452,"loc":{"start":{"line":452,"column":8},"end":{"line":454,"column":9}},"locations":[{"start":{"line":452,"column":8},"end":{"line":454,"column":9}}]},"27":{"type":"branch","line":599,"loc":{"start":{"line":599,"column":4},"end":{"line":654,"column":5}},"locations":[{"start":{"line":599,"column":4},"end":{"line":654,"column":5}}]},"28":{"type":"branch","line":600,"loc":{"start":{"line":600,"column":62},"end":{"line":653,"column":9}},"locations":[{"start":{"line":600,"column":62},"end":{"line":653,"column":9}}]},"29":{"type":"branch","line":602,"loc":{"start":{"line":602,"column":64},"end":{"line":607,"column":13}},"locations":[{"start":{"line":602,"column":64},"end":{"line":607,"column":13}}]},"30":{"type":"branch","line":603,"loc":{"start":{"line":603,"column":54},"end":{"line":606,"column":17}},"locations":[{"start":{"line":603,"column":54},"end":{"line":606,"column":17}}]},"31":{"type":"branch","line":609,"loc":{"start":{"line":609,"column":27},"end":{"line":652,"column":13}},"locations":[{"start":{"line":609,"column":27},"end":{"line":652,"column":13}}]},"32":{"type":"branch","line":614,"loc":{"start":{"line":614,"column":53},"end":{"line":617,"column":17}},"locations":[{"start":{"line":614,"column":53},"end":{"line":617,"column":17}}]},"33":{"type":"branch","line":620,"loc":{"start":{"line":620,"column":20},"end":{"line":620,"column":80}},"locations":[{"start":{"line":620,"column":20},"end":{"line":620,"column":80}}]},"34":{"type":"branch","line":624,"loc":{"start":{"line":624,"column":20},"end":{"line":624,"column":52}},"locations":[{"start":{"line":624,"column":20},"end":{"line":624,"column":52}}]},"35":{"type":"branch","line":627,"loc":{"start":{"line":627,"column":65},"end":{"line":637,"column":64}},"locations":[{"start":{"line":627,"column":65},"end":{"line":637,"column":64}}]},"36":{"type":"branch","line":637,"loc":{"start":{"line":637,"column":64},"end":{"line":651,"column":17}},"locations":[{"start":{"line":637,"column":64},"end":{"line":651,"column":17}}]},"37":{"type":"branch","line":638,"loc":{"start":{"line":638,"column":72},"end":{"line":650,"column":21}},"locations":[{"start":{"line":638,"column":72},"end":{"line":650,"column":21}}]},"38":{"type":"branch","line":639,"loc":{"start":{"line":639,"column":67},"end":{"line":649,"column":25}},"locations":[{"start":{"line":639,"column":67},"end":{"line":649,"column":25}}]},"39":{"type":"branch","line":643,"loc":{"start":{"line":643,"column":77},"end":{"line":648,"column":29}},"locations":[{"start":{"line":643,"column":77},"end":{"line":648,"column":29}}]},"40":{"type":"branch","line":683,"loc":{"start":{"line":683,"column":0},"end":{"line":691,"column":1}},"locations":[{"start":{"line":683,"column":0},"end":{"line":691,"column":1}}]},"41":{"type":"branch","line":684,"loc":{"start":{"line":684,"column":23},"end":{"line":690,"column":5}},"locations":[{"start":{"line":684,"column":23},"end":{"line":690,"column":5}}]},"42":{"type":"branch","line":694,"loc":{"start":{"line":694,"column":0},"end":{"line":707,"column":1}},"locations":[{"start":{"line":694,"column":0},"end":{"line":707,"column":1}}]},"43":{"type":"branch","line":695,"loc":{"start":{"line":695,"column":23},"end":{"line":706,"column":5}},"locations":[{"start":{"line":695,"column":23},"end":{"line":706,"column":5}}]},"44":{"type":"branch","line":699,"loc":{"start":{"line":699,"column":18},"end":{"line":702,"column":13}},"locations":[{"start":{"line":699,"column":18},"end":{"line":702,"column":13}}]},"45":{"type":"branch","line":710,"loc":{"start":{"line":710,"column":0},"end":{"line":717,"column":1}},"locations":[{"start":{"line":710,"column":0},"end":{"line":717,"column":1}}]},"46":{"type":"branch","line":714,"loc":{"start":{"line":714,"column":18},"end":{"line":714,"column":36}},"locations":[{"start":{"line":714,"column":18},"end":{"line":714,"column":36}}]}},"b":{"0":[9],"1":[4],"2":[1],"3":[3],"4":[12],"5":[3],"6":[11],"7":[2],"8":[3],"9":[1],"10":[2],"11":[5],"12":[4],"13":[2],"14":[3],"15":[1],"16":[2],"17":[1],"18":[1],"19":[15],"20":[15],"21":[15],"22":[3],"23":[0],"24":[0],"25":[0],"26":[0],"27":[3],"28":[90],"29":[128],"30":[88],"31":[2],"32":[0],"33":[1],"34":[36],"35":[0],"36":[20],"37":[360],"38":[1],"39":[0],"40":[3],"41":[3],"42":[3],"43":[3],"44":[3],"45":[2],"46":[0]},"fnMap":{"0":{"name":"Block","decl":{"start":{"line":81,"column":4},"end":{"line":87,"column":5}},"loc":{"start":{"line":81,"column":4},"end":{"line":87,"column":5}},"line":81},"1":{"name":"gravity","decl":{"start":{"line":90,"column":4},"end":{"line":92,"column":5}},"loc":{"start":{"line":90,"column":4},"end":{"line":92,"column":5}},"line":90},"2":{"name":"staticInScene","decl":{"start":{"line":95,"column":4},"end":{"line":100,"column":5}},"loc":{"start":{"line":95,"column":4},"end":{"line":100,"column":5}},"line":95},"3":{"name":"direction","decl":{"start":{"line":103,"column":4},"end":{"line":115,"column":5}},"loc":{"start":{"line":103,"column":4},"end":{"line":115,"column":5}},"line":103},"4":{"name":"rotation","decl":{"start":{"line":118,"column":4},"end":{"line":148,"column":5}},"loc":{"start":{"line":118,"column":4},"end":{"line":148,"column":5}},"line":118},"5":{"name":"collision","decl":{"start":{"line":151,"column":4},"end":{"line":166,"column":5}},"loc":{"start":{"line":151,"column":4},"end":{"line":166,"column":5}},"line":151},"6":{"name":"EventManager","decl":{"start":{"line":177,"column":4},"end":{"line":184,"column":5}},"loc":{"start":{"line":177,"column":4},"end":{"line":184,"column":5}},"line":177},"7":{"name":"EventManager.handleTouchStart","decl":{"start":{"line":186,"column":23},"end":{"line":193,"column":5}},"loc":{"start":{"line":186,"column":23},"end":{"line":193,"column":5}},"line":186},"8":{"name":"EventManager.handleTouchEnd","decl":{"start":{"line":195,"column":21},"end":{"line":211,"column":5}},"loc":{"start":{"line":195,"column":21},"end":{"line":211,"column":5}},"line":195},"9":{"name":"EventManager.handleTouchMove","decl":{"start":{"line":213,"column":22},"end":{"line":243,"column":5}},"loc":{"start":{"line":213,"column":22},"end":{"line":243,"column":5}},"line":213},"10":{"name":"EventManager.handleKeyDown","decl":{"start":{"line":246,"column":20},"end":{"line":276,"column":5}},"loc":{"start":{"line":246,"column":20},"end":{"line":276,"column":5}},"line":246},"11":{"name":"Render","decl":{"start":{"line":287,"column":4},"end":{"line":294,"column":5}},"loc":{"start":{"line":287,"column":4},"end":{"line":294,"column":5}},"line":287},"12":{"name":"clear","decl":{"start":{"line":296,"column":4},"end":{"line":298,"column":5}},"loc":{"start":{"line":296,"column":4},"end":{"line":298,"column":5}},"line":296},"13":{"name":"drawImage","decl":{"start":{"line":300,"column":4},"end":{"line":302,"column":5}},"loc":{"start":{"line":300,"column":4},"end":{"line":302,"column":5}},"line":300},"14":{"name":"displayMessage","decl":{"start":{"line":305,"column":4},"end":{"line":318,"column":5}},"loc":{"start":{"line":305,"column":4},"end":{"line":318,"column":5}},"line":305},"15":{"name":"drawBlock","decl":{"start":{"line":321,"column":4},"end":{"line":354,"column":5}},"loc":{"start":{"line":321,"column":4},"end":{"line":354,"column":5}},"line":321},"16":{"name":"Game","decl":{"start":{"line":384,"column":4},"end":{"line":421,"column":5}},"loc":{"start":{"line":384,"column":4},"end":{"line":421,"column":5}},"line":384},"17":{"name":"initGame","decl":{"start":{"line":424,"column":4},"end":{"line":455,"column":5}},"loc":{"start":{"line":424,"column":4},"end":{"line":455,"column":5}},"line":424},"18":{"name":"startLoop","decl":{"start":{"line":457,"column":4},"end":{"line":461,"column":5}},"loc":{"start":{"line":457,"column":4},"end":{"line":461,"column":5}},"line":457},"19":{"name":"stopLoop","decl":{"start":{"line":463,"column":4},"end":{"line":468,"column":5}},"loc":{"start":{"line":463,"column":4},"end":{"line":468,"column":5}},"line":463},"20":{"name":"updateFrame","decl":{"start":{"line":471,"column":4},"end":{"line":490,"column":5}},"loc":{"start":{"line":471,"column":4},"end":{"line":490,"column":5}},"line":471},"21":{"name":"refreshGame","decl":{"start":{"line":493,"column":4},"end":{"line":518,"column":5}},"loc":{"start":{"line":493,"column":4},"end":{"line":518,"column":5}},"line":493},"22":{"name":"pauseGame","decl":{"start":{"line":521,"column":4},"end":{"line":535,"column":5}},"loc":{"start":{"line":521,"column":4},"end":{"line":535,"column":5}},"line":521},"23":{"name":"gameOver","decl":{"start":{"line":538,"column":4},"end":{"line":561,"column":5}},"loc":{"start":{"line":538,"column":4},"end":{"line":561,"column":5}},"line":538},"24":{"name":"restartGame","decl":{"start":{"line":564,"column":4},"end":{"line":582,"column":5}},"loc":{"start":{"line":564,"column":4},"end":{"line":582,"column":5}},"line":564},"25":{"name":"fillGrid","decl":{"start":{"line":585,"column":4},"end":{"line":596,"column":5}},"loc":{"start":{"line":585,"column":4},"end":{"line":596,"column":5}},"line":585},"26":{"name":"reduceStack","decl":{"start":{"line":599,"column":4},"end":{"line":654,"column":5}},"loc":{"start":{"line":599,"column":4},"end":{"line":654,"column":5}},"line":599},"27":{"name":"drawCurrentBlock","decl":{"start":{"line":657,"column":4},"end":{"line":662,"column":5}},"loc":{"start":{"line":657,"column":4},"end":{"line":662,"column":5}},"line":657},"28":{"name":"drawScene","decl":{"start":{"line":665,"column":4},"end":{"line":671,"column":5}},"loc":{"start":{"line":665,"column":4},"end":{"line":671,"column":5}},"line":665},"29":{"name":"drawWalls","decl":{"start":{"line":674,"column":4},"end":{"line":679,"column":5}},"loc":{"start":{"line":674,"column":4},"end":{"line":679,"column":5}},"line":674},"30":{"name":"loadImage","decl":{"start":{"line":683,"column":0},"end":{"line":691,"column":1}},"loc":{"start":{"line":683,"column":0},"end":{"line":691,"column":1}},"line":683},"31":{"name":"img.onload","decl":{"start":{"line":688,"column":21},"end":{"line":688,"column":40}},"loc":{"start":{"line":688,"column":21},"end":{"line":688,"column":40}},"line":688},"32":{"name":"img.onerror","decl":{"start":{"line":689,"column":22},"end":{"line":689,"column":78}},"loc":{"start":{"line":689,"column":22},"end":{"line":689,"column":78}},"line":689},"33":{"name":"loadFont","decl":{"start":{"line":694,"column":0},"end":{"line":707,"column":1}},"loc":{"start":{"line":694,"column":0},"end":{"line":707,"column":1}},"line":694},"34":{"name":"playSound","decl":{"start":{"line":710,"column":0},"end":{"line":717,"column":1}},"loc":{"start":{"line":710,"column":0},"end":{"line":717,"column":1}},"line":710}},"f":{"0":9,"1":0,"2":0,"3":0,"4":4,"5":5,"6":15,"7":0,"8":0,"9":0,"10":0,"11":15,"12":0,"13":0,"14":0,"15":0,"16":15,"17":3,"18":0,"19":0,"20":0,"21":0,"22":0,"23":0,"24":0,"25":0,"26":3,"27":0,"28":0,"29":0,"30":3,"31":0,"32":0,"33":3,"34":2}}
}
